 nmessage    1     1. GTFPath-v1.50 - 04/07/2015                                                                                      
 nmessage    2     2. Control file=C:\Workspace\TNC-Demand-Model\STOPS\scratch\GTFPath02.ctl                                          
 nmessage    3     3. Directory C:\Workspace\TNC-Demand-Model\STOPS\scratch\                                                          
 nmessage    4     4. Reading Control File: C:\Workspace\TNC-Demand-Model\STOPS\scratch\GTFPath02.ctl                                 
 nmessage    4     4. +editlist File: C:\Workspace\TNC-Demand-Model\STOPS\inputs\KCMEXIST\editlist.txt                                
 nmessage    4     4. +editlist File: C:\Workspace\TNC-Demand-Model\STOPS\inputs\SND\editlist.txt                                     
 nmessage    4     4. +Reading Calendar File: C:\Workspace\TNC-Demand-Model\STOPS\inputs\KCMEXIST\calendar.txt                        
 nmessage    4     4. +Reading Calendar_Dates File: C:\Workspace\TNC-Demand-Model\STOPS\inputs\KCMEXIST\calendar_dates.txt            
 nmessage    4     4. +Reading Calendar File: C:\Workspace\TNC-Demand-Model\STOPS\inputs\SND\calendar.txt                             
 nmessage    4     4. +Reading Calendar_Dates File: C:\Workspace\TNC-Demand-Model\STOPS\inputs\SND\calendar_dates.txt                 
 nmessage    4     4. +Reading Zone Data File: C:\Workspace\TNC-Demand-Model\STOPS\Scratch\TZ_ZoneData.asc                            
 nmessage    4     4. +Reading Zone Census Blocks Data File: C:\Workspace\TNC-Demand-Model\STOPS\Scratch\TZ_CensusBlocksinTAZ.asc     
 nmessage    4     4. +Reading Route File: C:\Workspace\TNC-Demand-Model\STOPS\inputs\KCMEXIST\routes.txt                             
 nmessage    4     4. +Reading Route File: C:\Workspace\TNC-Demand-Model\STOPS\inputs\SND\routes.txt                                  
 nmessage    4     4. +Reading Trip File: C:\Workspace\TNC-Demand-Model\STOPS\inputs\KCMEXIST\trips.txt                               
 nmessage    4     4. +Reading Trip File: C:\Workspace\TNC-Demand-Model\STOPS\inputs\SND\trips.txt                                    
 nmessage    4     4. +Reading Frequency File: C:\Workspace\TNC-Demand-Model\STOPS\inputs\KCMEXIST\frequencies.txt                    
 nmessage    4     4. +Reading Frequency File: C:\Workspace\TNC-Demand-Model\STOPS\inputs\SND\frequencies.txt                         
 nmessage    4     4. +Reading TransferFrequency File: C:\Workspace\TNC-Demand-Model\STOPS\inputs\KCMEXIST\transfers.txt              
 nmessage    4     4. +Reading TransferFrequency File: C:\Workspace\TNC-Demand-Model\STOPS\inputs\SND\transfers.txt                   
 nmessage    4     4. +Reading PNR File: C:\Workspace\TNC-Demand-Model\STOPS\inputs\KCMEXIST\pnr.txt                                  
 nmessage    4     4. +Reading PNR File: C:\Workspace\TNC-Demand-Model\STOPS\inputs\SND\pnr.txt                                       
 nmessage    4     4. +Reading Stop File: C:\Workspace\TNC-Demand-Model\STOPS\inputs\KCMEXIST\stops.txt                               
 nmessage    4     4. +Reading Stop File: C:\Workspace\TNC-Demand-Model\STOPS\inputs\SND\stops.txt                                    
 nmessage    4     4. +Reading Stop Time File for iteration 1: C:\Workspace\TNC-Demand-Model\STOPS\inputs\KCMEXIST\stop_times.txt     
 nmessage    4     4. +Reading Stop Time File for iteration 1: C:\Workspace\TNC-Demand-Model\STOPS\inputs\KCMEXIST\stop_tim, Record:  
 nmessage    4     4. +Reading Stop Time File for iteration 1: C:\Workspace\TNC-Demand-Model\STOPS\inputs\KCMEXIST\stop_tim, Record:  
 nmessage    4     4. +Reading Stop Time File for iteration 1: C:\Workspace\TNC-Demand-Model\STOPS\inputs\KCMEXIST\stop_tim, Record:  
 nmessage    4     4. +Reading Stop Time File for iteration 1: C:\Workspace\TNC-Demand-Model\STOPS\inputs\KCMEXIST\stop_tim, Record:  
 nmessage    4     4. +Reading Stop Time File for iteration 1: C:\Workspace\TNC-Demand-Model\STOPS\inputs\KCMEXIST\stop_tim, Record:  
 nmessage    4     4. +Reading Stop Time File for iteration 1: C:\Workspace\TNC-Demand-Model\STOPS\inputs\KCMEXIST\stop_tim, Record:  
 nmessage    4     4. +Reading Stop Time File for iteration 1: C:\Workspace\TNC-Demand-Model\STOPS\inputs\KCMEXIST\stop_tim, Record:  
 nmessage    4     4. +Reading Stop Time File for iteration 1: C:\Workspace\TNC-Demand-Model\STOPS\inputs\KCMEXIST\stop_tim, Record:  
 nmessage    4     4. +Reading Stop Time File for iteration 1: C:\Workspace\TNC-Demand-Model\STOPS\inputs\KCMEXIST\stop_tim, Record:  
 nmessage    4     4. +Reading Stop Time File for iteration 1: C:\Workspace\TNC-Demand-Model\STOPS\inputs\KCMEXIST\stop_tim, Record:  
 nmessage    4     4. +Reading Stop Time File for iteration 1: C:\Workspace\TNC-Demand-Model\STOPS\inputs\KCMEXIST\stop_tim, Record:  
 nmessage    4     4. +Reading Stop Time File for iteration 1: C:\Workspace\TNC-Demand-Model\STOPS\inputs\KCMEXIST\stop_tim, Record:  
 nmessage    4     4. +Reading Stop Time File for iteration 1: C:\Workspace\TNC-Demand-Model\STOPS\inputs\KCMEXIST\stop_tim, Record:  
 nmessage    4     4. +Reading Stop Time File for iteration 1: C:\Workspace\TNC-Demand-Model\STOPS\inputs\KCMEXIST\stop_tim, Record:  
 nmessage    4     4. +Reading Stop Time File for iteration 1: C:\Workspace\TNC-Demand-Model\STOPS\inputs\KCMEXIST\stop_tim, Record:  
 nmessage    4     4. +Reading Stop Time File for iteration 1: C:\Workspace\TNC-Demand-Model\STOPS\inputs\KCMEXIST\stop_tim, Record:  
 nmessage    4     4. +Reading Stop Time File for iteration 1: C:\Workspace\TNC-Demand-Model\STOPS\inputs\KCMEXIST\stop_tim, Record:  
 nmessage    4     4. +Reading Stop Time File for iteration 1: C:\Workspace\TNC-Demand-Model\STOPS\inputs\KCMEXIST\stop_tim, Record:  
 nmessage    4     4. +Reading Stop Time File for iteration 1: C:\Workspace\TNC-Demand-Model\STOPS\inputs\KCMEXIST\stop_tim, Record:  
 nmessage    4     4. +Reading Stop Time File for iteration 1: C:\Workspace\TNC-Demand-Model\STOPS\inputs\KCMEXIST\stop_tim, Record:  
 nmessage    4     4. +Reading Stop Time File for iteration 1: C:\Workspace\TNC-Demand-Model\STOPS\inputs\KCMEXIST\stop_tim, Record:  
 nmessage    4     4. +Reading Stop Time File for iteration 1: C:\Workspace\TNC-Demand-Model\STOPS\inputs\KCMEXIST\stop_tim, Record:  
 nmessage    4     4. +Reading Stop Time File for iteration 1: C:\Workspace\TNC-Demand-Model\STOPS\inputs\KCMEXIST\stop_tim, Record:  
 nmessage    4     4. +Reading Stop Time File for iteration 1: C:\Workspace\TNC-Demand-Model\STOPS\inputs\KCMEXIST\stop_tim, Record:  
 nmessage    4     4. +Reading Stop Time File for iteration 1: C:\Workspace\TNC-Demand-Model\STOPS\inputs\KCMEXIST\stop_tim, Record:  
 nmessage    4     4. +Reading Stop Time File for iteration 1: C:\Workspace\TNC-Demand-Model\STOPS\inputs\KCMEXIST\stop_tim, Record:  
 nmessage    4     4. +Reading Stop Time File for iteration 1: C:\Workspace\TNC-Demand-Model\STOPS\inputs\KCMEXIST\stop_tim, Record:  
 nmessage    4     4. +Reading Stop Time File for iteration 1: C:\Workspace\TNC-Demand-Model\STOPS\inputs\KCMEXIST\stop_tim, Record:  
 nmessage    4     4. +Reading Stop Time File for iteration 1: C:\Workspace\TNC-Demand-Model\STOPS\inputs\KCMEXIST\stop_tim, Record:  
 nmessage    4     4. +Reading Stop Time File for iteration 1: C:\Workspace\TNC-Demand-Model\STOPS\inputs\KCMEXIST\stop_tim, Record:  
 nmessage    4     4. +Reading Stop Time File for iteration 1: C:\Workspace\TNC-Demand-Model\STOPS\inputs\KCMEXIST\stop_tim, Record:  
 nmessage    4     4. +Reading Stop Time File for iteration 1: C:\Workspace\TNC-Demand-Model\STOPS\inputs\KCMEXIST\stop_tim, Record:  
 nmessage    4     4. +Reading Stop Time File for iteration 1: C:\Workspace\TNC-Demand-Model\STOPS\inputs\KCMEXIST\stop_tim, Record:  
 nmessage    4     4. +Reading Stop Time File for iteration 1: C:\Workspace\TNC-Demand-Model\STOPS\inputs\KCMEXIST\stop_tim, Record:  
 nmessage    4     4. +Reading Stop Time File for iteration 1: C:\Workspace\TNC-Demand-Model\STOPS\inputs\KCMEXIST\stop_tim, Record:  
 nmessage    4     4. +Reading Stop Time File for iteration 1: C:\Workspace\TNC-Demand-Model\STOPS\inputs\KCMEXIST\stop_tim, Record:  
 nmessage    4     4. +Reading Stop Time File for iteration 1: C:\Workspace\TNC-Demand-Model\STOPS\inputs\KCMEXIST\stop_tim, Record:  
 nmessage    4     4. +Reading Stop Time File for iteration 1: C:\Workspace\TNC-Demand-Model\STOPS\inputs\KCMEXIST\stop_tim, Record:  
 nmessage    4     4. +Reading Stop Time File for iteration 1: C:\Workspace\TNC-Demand-Model\STOPS\inputs\KCMEXIST\stop_tim, Record:  
 nmessage    4     4. +Reading Stop Time File for iteration 1: C:\Workspace\TNC-Demand-Model\STOPS\inputs\KCMEXIST\stop_tim, Record:  
 nmessage    4     4. +Reading Stop Time File for iteration 1: C:\Workspace\TNC-Demand-Model\STOPS\inputs\KCMEXIST\stop_tim, Record:  
 nmessage    4     4. +Reading Stop Time File for iteration 1: C:\Workspace\TNC-Demand-Model\STOPS\inputs\KCMEXIST\stop_tim, Record:  
 nmessage    4     4. +Reading Stop Time File for iteration 1: C:\Workspace\TNC-Demand-Model\STOPS\inputs\KCMEXIST\stop_tim, Record:  
 nmessage    4     4. +Reading Stop Time File for iteration 1: C:\Workspace\TNC-Demand-Model\STOPS\inputs\KCMEXIST\stop_tim, Record:  
 nmessage    4     4. +Reading Stop Time File for iteration 1: C:\Workspace\TNC-Demand-Model\STOPS\inputs\KCMEXIST\stop_tim, Record:  
 nmessage    4     4. +Reading Stop Time File for iteration 1: C:\Workspace\TNC-Demand-Model\STOPS\inputs\KCMEXIST\stop_tim, Record:  
 nmessage    4     4. +Reading Stop Time File for iteration 1: C:\Workspace\TNC-Demand-Model\STOPS\inputs\KCMEXIST\stop_tim, Record:  
 nmessage    4     4. +Reading Stop Time File for iteration 1: C:\Workspace\TNC-Demand-Model\STOPS\inputs\KCMEXIST\stop_tim, Record:  
 nmessage    4     4. +Reading Stop Time File for iteration 1: C:\Workspace\TNC-Demand-Model\STOPS\inputs\KCMEXIST\stop_tim, Record:  
 nmessage    4     4. +Reading Stop Time File for iteration 1: C:\Workspace\TNC-Demand-Model\STOPS\inputs\KCMEXIST\stop_tim, Record:  
 nmessage    4     4. +Reading Stop Time File for iteration 1: C:\Workspace\TNC-Demand-Model\STOPS\inputs\KCMEXIST\stop_tim, Record:  
 nmessage    4     4. +Reading Stop Time File for iteration 1: C:\Workspace\TNC-Demand-Model\STOPS\inputs\KCMEXIST\stop_tim, Record:  
 nmessage    4     4. +Reading Stop Time File for iteration 1: C:\Workspace\TNC-Demand-Model\STOPS\inputs\KCMEXIST\stop_tim, Record:  
 nmessage    4     4. +Reading Stop Time File for iteration 1: C:\Workspace\TNC-Demand-Model\STOPS\inputs\KCMEXIST\stop_tim, Record:  
 nmessage    4     4. +Reading Stop Time File for iteration 1: C:\Workspace\TNC-Demand-Model\STOPS\inputs\KCMEXIST\stop_tim, Record:  
 nmessage    4     4. +Reading Stop Time File for iteration 1: C:\Workspace\TNC-Demand-Model\STOPS\inputs\KCMEXIST\stop_tim, Record:  
 nmessage    4     4. +Reading Stop Time File for iteration 1: C:\Workspace\TNC-Demand-Model\STOPS\inputs\KCMEXIST\stop_tim, Record:  
 nmessage    4     4. +Reading Stop Time File for iteration 1: C:\Workspace\TNC-Demand-Model\STOPS\inputs\KCMEXIST\stop_tim, Record:  
 nmessage    4     4. +Reading Stop Time File for iteration 1: C:\Workspace\TNC-Demand-Model\STOPS\inputs\KCMEXIST\stop_tim, Record:  
 nmessage    4     4. +Reading Stop Time File for iteration 1: C:\Workspace\TNC-Demand-Model\STOPS\inputs\KCMEXIST\stop_tim, Record:  
 nmessage    4     4. +Reading Stop Time File for iteration 1: C:\Workspace\TNC-Demand-Model\STOPS\inputs\KCMEXIST\stop_tim, Record:  
 nmessage    4     4. +Reading Stop Time File for iteration 1: C:\Workspace\TNC-Demand-Model\STOPS\inputs\KCMEXIST\stop_tim, Record:  
 nmessage    4     4. +Reading Stop Time File for iteration 1: C:\Workspace\TNC-Demand-Model\STOPS\inputs\KCMEXIST\stop_tim, Record:  
 nmessage    4     4. +Reading Stop Time File for iteration 1: C:\Workspace\TNC-Demand-Model\STOPS\inputs\KCMEXIST\stop_tim, Record:  
 nmessage    4     4. +Reading Stop Time File for iteration 1: C:\Workspace\TNC-Demand-Model\STOPS\inputs\KCMEXIST\stop_tim, Record:  
 nmessage    4     4. +Reading Stop Time File for iteration 1: C:\Workspace\TNC-Demand-Model\STOPS\inputs\KCMEXIST\stop_tim, Record:  
 nmessage    4     4. +Reading Stop Time File for iteration 1: C:\Workspace\TNC-Demand-Model\STOPS\inputs\KCMEXIST\stop_tim, Record:  
 nmessage    4     4. +Reading Stop Time File for iteration 1: C:\Workspace\TNC-Demand-Model\STOPS\inputs\KCMEXIST\stop_tim, Record:  
 nmessage    4     4. +Reading Stop Time File for iteration 1: C:\Workspace\TNC-Demand-Model\STOPS\inputs\KCMEXIST\stop_tim, Record:  
 nmessage    4     4. +Reading Stop Time File for iteration 1: C:\Workspace\TNC-Demand-Model\STOPS\inputs\KCMEXIST\stop_tim, Record:  
 nmessage    4     4. +Reading Stop Time File for iteration 1: C:\Workspace\TNC-Demand-Model\STOPS\inputs\KCMEXIST\stop_tim, Record:  
 nmessage    4     4. +Reading Stop Time File for iteration 1: C:\Workspace\TNC-Demand-Model\STOPS\inputs\KCMEXIST\stop_tim, Record:  
 nmessage    4     4. +Reading Stop Time File for iteration 1: C:\Workspace\TNC-Demand-Model\STOPS\inputs\KCMEXIST\stop_tim, Record:  
 nmessage    4     4. +Reading Stop Time File for iteration 1: C:\Workspace\TNC-Demand-Model\STOPS\inputs\KCMEXIST\stop_tim, Record:  
 nmessage    4     4. +Reading Stop Time File for iteration 1: C:\Workspace\TNC-Demand-Model\STOPS\inputs\KCMEXIST\stop_tim, Record:  
 nmessage    4     4. +Reading Stop Time File for iteration 1: C:\Workspace\TNC-Demand-Model\STOPS\inputs\KCMEXIST\stop_tim, Record:  
 nmessage    4     4. +Reading Stop Time File for iteration 1: C:\Workspace\TNC-Demand-Model\STOPS\inputs\KCMEXIST\stop_tim, Record:  
 nmessage    4     4. +Reading Stop Time File for iteration 1: C:\Workspace\TNC-Demand-Model\STOPS\inputs\KCMEXIST\stop_tim, Record:  
 nmessage    4     4. +Reading Stop Time File for iteration 1: C:\Workspace\TNC-Demand-Model\STOPS\inputs\KCMEXIST\stop_tim, Record:  
 nmessage    4     4. +Reading Stop Time File for iteration 1: C:\Workspace\TNC-Demand-Model\STOPS\inputs\KCMEXIST\stop_tim, Record:  
 nmessage    4     4. +Reading Stop Time File for iteration 1: C:\Workspace\TNC-Demand-Model\STOPS\inputs\KCMEXIST\stop_tim, Record:  
 nmessage    4     4. +Reading Stop Time File for iteration 1: C:\Workspace\TNC-Demand-Model\STOPS\inputs\KCMEXIST\stop_tim, Record:  
 nmessage    4     4. +Reading Stop Time File for iteration 1: C:\Workspace\TNC-Demand-Model\STOPS\inputs\KCMEXIST\stop_tim, Record:  
 nmessage    4     4. +Reading Stop Time File for iteration 1: C:\Workspace\TNC-Demand-Model\STOPS\inputs\KCMEXIST\stop_tim, Record:  
 nmessage    4     4. +Reading Stop Time File for iteration 1: C:\Workspace\TNC-Demand-Model\STOPS\inputs\KCMEXIST\stop_tim, Record:  
 nmessage    4     4. +Reading Stop Time File for iteration 1: C:\Workspace\TNC-Demand-Model\STOPS\inputs\KCMEXIST\stop_tim, Record:  
 nmessage    4     4. +Reading Stop Time File for iteration 1: C:\Workspace\TNC-Demand-Model\STOPS\inputs\KCMEXIST\stop_tim, Record:  
 nmessage    4     4. +Reading Stop Time File for iteration 1: C:\Workspace\TNC-Demand-Model\STOPS\inputs\KCMEXIST\stop_tim, Record:  
 nmessage    4     4. +Reading Stop Time File for iteration 1: C:\Workspace\TNC-Demand-Model\STOPS\inputs\KCMEXIST\stop_tim, Record:  
 nmessage    4     4. +Reading Stop Time File for iteration 1: C:\Workspace\TNC-Demand-Model\STOPS\inputs\KCMEXIST\stop_tim, Record:  
 nmessage    4     4. +Reading Stop Time File for iteration 1: C:\Workspace\TNC-Demand-Model\STOPS\inputs\KCMEXIST\stop_tim, Record:  
 nmessage    4     4. +Reading Stop Time File for iteration 1: C:\Workspace\TNC-Demand-Model\STOPS\inputs\KCMEXIST\stop_tim, Record:  
 nmessage    4     4. +Reading Stop Time File for iteration 1: C:\Workspace\TNC-Demand-Model\STOPS\inputs\KCMEXIST\stop_tim, Record:  
 nmessage    4     4. +Reading Stop Time File for iteration 1: C:\Workspace\TNC-Demand-Model\STOPS\inputs\KCMEXIST\stop_tim, Record:  
 nmessage    4     4. +Reading Stop Time File for iteration 2: C:\Workspace\TNC-Demand-Model\STOPS\inputs\KCMEXIST\stop_times.txt     
 nmessage    4     4. +Reading Stop Time File for iteration 3: C:\Workspace\TNC-Demand-Model\STOPS\inputs\KCMEXIST\stop_times.txt     
 nmessage    4     4. +Reading Stop Time File for iteration 1: C:\Workspace\TNC-Demand-Model\STOPS\inputs\SND\stop_times.txt          
 nmessage    4     4. +Reading Stop Time File for iteration 2: C:\Workspace\TNC-Demand-Model\STOPS\inputs\SND\stop_times.txt          
 nmessage    4     4. +Reading Stop Time File for iteration 3: C:\Workspace\TNC-Demand-Model\STOPS\inputs\SND\stop_times.txt          
 nmessage    5     5. Beginning stop-to-stop frequency computation                                                                    
 nmessage    6     6.                                                                                                                 
 nmessage    6     6. +  Trip     1000   13103  280890                                                                                
 nmessage    6     6. +  Trip     2000   13103  550477                                                                                
 nmessage    6     6. +  Trip     3000   13103  935082                                                                                
 nmessage    6     6. +  Trip     4000   13103 1053156                                                                                
 nmessage    6     6. +  Trip     5000   13103 1186006                                                                                
 nmessage    6     6. +  Trip     6000   13103 1378198                                                                                
 nmessage    6     6. +  Trip     7000   13103 1726510                                                                                
 nmessage    6     6. +  Trip     8000   13103 1954354                                                                                
 nmessage    6     6. +  Trip     9000   13103 2278359                                                                                
 nmessage    6     6. +  Trip    10000   13103 2559271                                                                                
 nmessage    6     6. +  Trip    11000   13103 2791012                                                                                
 nmessage    6     6. +  Trip    12000   13103 3028276                                                                                
 nmessage    6     6. +  Trip    13000   13103 3154513                                                                                
 nmessage    7     7. Finished stop-to-stop frequency computation. Records=     237861 (max    3154933)                               
 nmessage    8     8.  Building stop-to-stop links...                                                                                 
 nmessage    9     9.                                                                                                                 
 nmessage    9     9. + Processing stop       1 of    8382, no. links   144617                                                        
 nmessage    9     9. + Processing stop     100 of    8382, no. links   145062                                                        
 nmessage    9     9. + Processing stop     200 of    8382, no. links   148378                                                        
 nmessage    9     9. + Processing stop     300 of    8382, no. links   151490                                                        
 nmessage    9     9. + Processing stop     400 of    8382, no. links   152396                                                        
 nmessage    9     9. + Processing stop     500 of    8382, no. links   153142                                                        
 nmessage    9     9. + Processing stop     600 of    8382, no. links   154340                                                        
 nmessage    9     9. + Processing stop     700 of    8382, no. links   155156                                                        
 nmessage    9     9. + Processing stop     800 of    8382, no. links   155758                                                        
 nmessage    9     9. + Processing stop     900 of    8382, no. links   156296                                                        
 nmessage    9     9. + Processing stop    1000 of    8382, no. links   157228                                                        
 nmessage    9     9. + Processing stop    1100 of    8382, no. links   158120                                                        
 nmessage    9     9. + Processing stop    1200 of    8382, no. links   159130                                                        
 nmessage    9     9. + Processing stop    1300 of    8382, no. links   160090                                                        
 nmessage    9     9. + Processing stop    1400 of    8382, no. links   160642                                                        
 nmessage    9     9. + Processing stop    1500 of    8382, no. links   161340                                                        
 nmessage    9     9. + Processing stop    1600 of    8382, no. links   161726                                                        
 nmessage    9     9. + Processing stop    1700 of    8382, no. links   162220                                                        
 nmessage    9     9. + Processing stop    1800 of    8382, no. links   162808                                                        
 nmessage    9     9. + Processing stop    1900 of    8382, no. links   163304                                                        
 nmessage    9     9. + Processing stop    2000 of    8382, no. links   163740                                                        
 nmessage    9     9. + Processing stop    2100 of    8382, no. links   164210                                                        
 nmessage    9     9. + Processing stop    2200 of    8382, no. links   164628                                                        
 nmessage    9     9. + Processing stop    2300 of    8382, no. links   164896                                                        
 nmessage    9     9. + Processing stop    2400 of    8382, no. links   165180                                                        
 nmessage    9     9. + Processing stop    2500 of    8382, no. links   165518                                                        
 nmessage    9     9. + Processing stop    2600 of    8382, no. links   165778                                                        
 nmessage    9     9. + Processing stop    2700 of    8382, no. links   165970                                                        
 nmessage    9     9. + Processing stop    2800 of    8382, no. links   166048                                                        
 nmessage    9     9. + Processing stop    2900 of    8382, no. links   166458                                                        
 nmessage    9     9. + Processing stop    3000 of    8382, no. links   166712                                                        
 nmessage    9     9. + Processing stop    3100 of    8382, no. links   167084                                                        
 nmessage    9     9. + Processing stop    3200 of    8382, no. links   167400                                                        
 nmessage    9     9. + Processing stop    3300 of    8382, no. links   167536                                                        
 nmessage    9     9. + Processing stop    3400 of    8382, no. links   168070                                                        
 nmessage    9     9. + Processing stop    3500 of    8382, no. links   168426                                                        
 nmessage    9     9. + Processing stop    3600 of    8382, no. links   168642                                                        
 nmessage    9     9. + Processing stop    3700 of    8382, no. links   168952                                                        
 nmessage    9     9. + Processing stop    3800 of    8382, no. links   169262                                                        
 nmessage    9     9. + Processing stop    3900 of    8382, no. links   169348                                                        
 nmessage    9     9. + Processing stop    4000 of    8382, no. links   169584                                                        
 nmessage    9     9. + Processing stop    4100 of    8382, no. links   169716                                                        
 nmessage    9     9. + Processing stop    4200 of    8382, no. links   170048                                                        
 nmessage    9     9. + Processing stop    4300 of    8382, no. links   170342                                                        
 nmessage    9     9. + Processing stop    4400 of    8382, no. links   170652                                                        
 nmessage    9     9. + Processing stop    4500 of    8382, no. links   170768                                                        
 nmessage    9     9. + Processing stop    4600 of    8382, no. links   171170                                                        
 nmessage    9     9. + Processing stop    4700 of    8382, no. links   171586                                                        
 nmessage    9     9. + Processing stop    4800 of    8382, no. links   171832                                                        
 nmessage    9     9. + Processing stop    4900 of    8382, no. links   172020                                                        
 nmessage    9     9. + Processing stop    5000 of    8382, no. links   172464                                                        
 nmessage    9     9. + Processing stop    5100 of    8382, no. links   172622                                                        
 nmessage    9     9. + Processing stop    5200 of    8382, no. links   172926                                                        
 nmessage    9     9. + Processing stop    5300 of    8382, no. links   173086                                                        
 nmessage    9     9. + Processing stop    5400 of    8382, no. links   173234                                                        
 nmessage    9     9. + Processing stop    5500 of    8382, no. links   173352                                                        
 nmessage    9     9. + Processing stop    5600 of    8382, no. links   173552                                                        
 nmessage    9     9. + Processing stop    5700 of    8382, no. links   173720                                                        
 nmessage    9     9. + Processing stop    5800 of    8382, no. links   174028                                                        
 nmessage    9     9. + Processing stop    5900 of    8382, no. links   174450                                                        
 nmessage    9     9. + Processing stop    6000 of    8382, no. links   174672                                                        
 nmessage    9     9. + Processing stop    6100 of    8382, no. links   175278                                                        
 nmessage    9     9. + Processing stop    6200 of    8382, no. links   175778                                                        
 nmessage    9     9. + Processing stop    6300 of    8382, no. links   176080                                                        
 nmessage    9     9. + Processing stop    6400 of    8382, no. links   176348                                                        
 nmessage    9     9. + Processing stop    6500 of    8382, no. links   176654                                                        
 nmessage    9     9. + Processing stop    6600 of    8382, no. links   177002                                                        
 nmessage    9     9. + Processing stop    6700 of    8382, no. links   177228                                                        
 nmessage    9     9. + Processing stop    6800 of    8382, no. links   177540                                                        
 nmessage    9     9. + Processing stop    6900 of    8382, no. links   177820                                                        
 nmessage    9     9. + Processing stop    7000 of    8382, no. links   178032                                                        
 nmessage    9     9. + Processing stop    7100 of    8382, no. links   178322                                                        
 nmessage    9     9. + Processing stop    7200 of    8382, no. links   178594                                                        
 nmessage    9     9. + Processing stop    7300 of    8382, no. links   178922                                                        
 nmessage    9     9. + Processing stop    7400 of    8382, no. links   179084                                                        
 nmessage    9     9. + Processing stop    7500 of    8382, no. links   179224                                                        
 nmessage    9     9. + Processing stop    7600 of    8382, no. links   179386                                                        
 nmessage    9     9. + Processing stop    7700 of    8382, no. links   179628                                                        
 nmessage    9     9. + Processing stop    7800 of    8382, no. links   179762                                                        
 nmessage    9     9. + Processing stop    7900 of    8382, no. links   179986                                                        
 nmessage    9     9. + Processing stop    8000 of    8382, no. links   180134                                                        
 nmessage    9     9. + Processing stop    8100 of    8382, no. links   180362                                                        
 nmessage    9     9. + Processing stop    8200 of    8382, no. links   180438                                                        
 nmessage    9     9. + Processing stop    8300 of    8382, no. links   180538                                                        
 nmessage   10    10. Exporting GTF File: C:\Workspace\TNC-Demand-Model\STOPS\GTFOutput\OP_TR_EXST\                                   
 nmessage   11    11.  Beginning Path Finding                                                                                         
 nmessage   11    11. + Processing centroid      1 of      2                                                                          
 nmessage   11    11. + Processing centroid      2 of      2                                                                          
 nmessage   12    12. *** time at end of centroid loop 16:26:48:07                                                                    
 nmessage   13    13. GTF Path Successful                                                                                             
