 nmessage    1     1. GTFPath-v1.50 - 04/07/2015                                                                                      
 nmessage    2     2. Control file=C:\Workspace\TNC-Demand-Model\STOPS\scratch\GTFPath01.ctl                                          
 nmessage    3     3. Directory C:\Workspace\TNC-Demand-Model\STOPS\scratch\                                                          
 nmessage    4     4. Reading Control File: C:\Workspace\TNC-Demand-Model\STOPS\scratch\GTFPath01.ctl                                 
 nmessage    4     4. +editlist File: C:\Workspace\TNC-Demand-Model\STOPS\inputs\KCMEXIST\editlist.txt                                
 nmessage    4     4. +editlist File: C:\Workspace\TNC-Demand-Model\STOPS\inputs\SND\editlist.txt                                     
 nmessage    4     4. +Reading Calendar File: C:\Workspace\TNC-Demand-Model\STOPS\inputs\KCMEXIST\calendar.txt                        
 nmessage    4     4. +Reading Calendar_Dates File: C:\Workspace\TNC-Demand-Model\STOPS\inputs\KCMEXIST\calendar_dates.txt            
 nmessage    4     4. +Reading Calendar File: C:\Workspace\TNC-Demand-Model\STOPS\inputs\SND\calendar.txt                             
 nmessage    4     4. +Reading Calendar_Dates File: C:\Workspace\TNC-Demand-Model\STOPS\inputs\SND\calendar_dates.txt                 
 nmessage    4     4. +Reading Zone Data File: C:\Workspace\TNC-Demand-Model\STOPS\Scratch\TZ_ZoneData.asc                            
 nmessage    4     4. +Reading Zone Census Blocks Data File: C:\Workspace\TNC-Demand-Model\STOPS\Scratch\TZ_CensusBlocksinTAZ.asc     
 nmessage    4     4. +Reading Route File: C:\Workspace\TNC-Demand-Model\STOPS\inputs\KCMEXIST\routes.txt                             
 nmessage    4     4. +Reading Route File: C:\Workspace\TNC-Demand-Model\STOPS\inputs\SND\routes.txt                                  
 nmessage    4     4. +Reading Trip File: C:\Workspace\TNC-Demand-Model\STOPS\inputs\KCMEXIST\trips.txt                               
 nmessage    4     4. +Reading Trip File: C:\Workspace\TNC-Demand-Model\STOPS\inputs\SND\trips.txt                                    
 nmessage    4     4. +Reading Frequency File: C:\Workspace\TNC-Demand-Model\STOPS\inputs\KCMEXIST\frequencies.txt                    
 nmessage    4     4. +Reading Frequency File: C:\Workspace\TNC-Demand-Model\STOPS\inputs\SND\frequencies.txt                         
 nmessage    4     4. +Reading TransferFrequency File: C:\Workspace\TNC-Demand-Model\STOPS\inputs\KCMEXIST\transfers.txt              
 nmessage    4     4. +Reading TransferFrequency File: C:\Workspace\TNC-Demand-Model\STOPS\inputs\SND\transfers.txt                   
 nmessage    4     4. +Reading PNR File: C:\Workspace\TNC-Demand-Model\STOPS\inputs\KCMEXIST\pnr.txt                                  
 nmessage    4     4. +Reading PNR File: C:\Workspace\TNC-Demand-Model\STOPS\inputs\SND\pnr.txt                                       
 nmessage    4     4. +Reading Stop File: C:\Workspace\TNC-Demand-Model\STOPS\inputs\KCMEXIST\stops.txt                               
 nmessage    4     4. +Reading Stop File: C:\Workspace\TNC-Demand-Model\STOPS\inputs\SND\stops.txt                                    
 nmessage    4     4. +Reading Stop Time File for iteration 1: C:\Workspace\TNC-Demand-Model\STOPS\inputs\KCMEXIST\stop_times.txt     
 nmessage    4     4. +Reading Stop Time File for iteration 1: C:\Workspace\TNC-Demand-Model\STOPS\inputs\KCMEXIST\stop_tim, Record:  
 nmessage    4     4. +Reading Stop Time File for iteration 1: C:\Workspace\TNC-Demand-Model\STOPS\inputs\KCMEXIST\stop_tim, Record:  
 nmessage    4     4. +Reading Stop Time File for iteration 1: C:\Workspace\TNC-Demand-Model\STOPS\inputs\KCMEXIST\stop_tim, Record:  
 nmessage    4     4. +Reading Stop Time File for iteration 1: C:\Workspace\TNC-Demand-Model\STOPS\inputs\KCMEXIST\stop_tim, Record:  
 nmessage    4     4. +Reading Stop Time File for iteration 1: C:\Workspace\TNC-Demand-Model\STOPS\inputs\KCMEXIST\stop_tim, Record:  
 nmessage    4     4. +Reading Stop Time File for iteration 1: C:\Workspace\TNC-Demand-Model\STOPS\inputs\KCMEXIST\stop_tim, Record:  
 nmessage    4     4. +Reading Stop Time File for iteration 1: C:\Workspace\TNC-Demand-Model\STOPS\inputs\KCMEXIST\stop_tim, Record:  
 nmessage    4     4. +Reading Stop Time File for iteration 1: C:\Workspace\TNC-Demand-Model\STOPS\inputs\KCMEXIST\stop_tim, Record:  
 nmessage    4     4. +Reading Stop Time File for iteration 1: C:\Workspace\TNC-Demand-Model\STOPS\inputs\KCMEXIST\stop_tim, Record:  
 nmessage    4     4. +Reading Stop Time File for iteration 1: C:\Workspace\TNC-Demand-Model\STOPS\inputs\KCMEXIST\stop_tim, Record:  
 nmessage    4     4. +Reading Stop Time File for iteration 1: C:\Workspace\TNC-Demand-Model\STOPS\inputs\KCMEXIST\stop_tim, Record:  
 nmessage    4     4. +Reading Stop Time File for iteration 1: C:\Workspace\TNC-Demand-Model\STOPS\inputs\KCMEXIST\stop_tim, Record:  
 nmessage    4     4. +Reading Stop Time File for iteration 1: C:\Workspace\TNC-Demand-Model\STOPS\inputs\KCMEXIST\stop_tim, Record:  
 nmessage    4     4. +Reading Stop Time File for iteration 1: C:\Workspace\TNC-Demand-Model\STOPS\inputs\KCMEXIST\stop_tim, Record:  
 nmessage    4     4. +Reading Stop Time File for iteration 1: C:\Workspace\TNC-Demand-Model\STOPS\inputs\KCMEXIST\stop_tim, Record:  
 nmessage    4     4. +Reading Stop Time File for iteration 1: C:\Workspace\TNC-Demand-Model\STOPS\inputs\KCMEXIST\stop_tim, Record:  
 nmessage    4     4. +Reading Stop Time File for iteration 1: C:\Workspace\TNC-Demand-Model\STOPS\inputs\KCMEXIST\stop_tim, Record:  
 nmessage    4     4. +Reading Stop Time File for iteration 1: C:\Workspace\TNC-Demand-Model\STOPS\inputs\KCMEXIST\stop_tim, Record:  
 nmessage    4     4. +Reading Stop Time File for iteration 1: C:\Workspace\TNC-Demand-Model\STOPS\inputs\KCMEXIST\stop_tim, Record:  
 nmessage    4     4. +Reading Stop Time File for iteration 1: C:\Workspace\TNC-Demand-Model\STOPS\inputs\KCMEXIST\stop_tim, Record:  
 nmessage    4     4. +Reading Stop Time File for iteration 1: C:\Workspace\TNC-Demand-Model\STOPS\inputs\KCMEXIST\stop_tim, Record:  
 nmessage    4     4. +Reading Stop Time File for iteration 1: C:\Workspace\TNC-Demand-Model\STOPS\inputs\KCMEXIST\stop_tim, Record:  
 nmessage    4     4. +Reading Stop Time File for iteration 1: C:\Workspace\TNC-Demand-Model\STOPS\inputs\KCMEXIST\stop_tim, Record:  
 nmessage    4     4. +Reading Stop Time File for iteration 1: C:\Workspace\TNC-Demand-Model\STOPS\inputs\KCMEXIST\stop_tim, Record:  
 nmessage    4     4. +Reading Stop Time File for iteration 1: C:\Workspace\TNC-Demand-Model\STOPS\inputs\KCMEXIST\stop_tim, Record:  
 nmessage    4     4. +Reading Stop Time File for iteration 1: C:\Workspace\TNC-Demand-Model\STOPS\inputs\KCMEXIST\stop_tim, Record:  
 nmessage    4     4. +Reading Stop Time File for iteration 1: C:\Workspace\TNC-Demand-Model\STOPS\inputs\KCMEXIST\stop_tim, Record:  
 nmessage    4     4. +Reading Stop Time File for iteration 1: C:\Workspace\TNC-Demand-Model\STOPS\inputs\KCMEXIST\stop_tim, Record:  
 nmessage    4     4. +Reading Stop Time File for iteration 1: C:\Workspace\TNC-Demand-Model\STOPS\inputs\KCMEXIST\stop_tim, Record:  
 nmessage    4     4. +Reading Stop Time File for iteration 1: C:\Workspace\TNC-Demand-Model\STOPS\inputs\KCMEXIST\stop_tim, Record:  
 nmessage    4     4. +Reading Stop Time File for iteration 1: C:\Workspace\TNC-Demand-Model\STOPS\inputs\KCMEXIST\stop_tim, Record:  
 nmessage    4     4. +Reading Stop Time File for iteration 1: C:\Workspace\TNC-Demand-Model\STOPS\inputs\KCMEXIST\stop_tim, Record:  
 nmessage    4     4. +Reading Stop Time File for iteration 1: C:\Workspace\TNC-Demand-Model\STOPS\inputs\KCMEXIST\stop_tim, Record:  
 nmessage    4     4. +Reading Stop Time File for iteration 1: C:\Workspace\TNC-Demand-Model\STOPS\inputs\KCMEXIST\stop_tim, Record:  
 nmessage    4     4. +Reading Stop Time File for iteration 1: C:\Workspace\TNC-Demand-Model\STOPS\inputs\KCMEXIST\stop_tim, Record:  
 nmessage    4     4. +Reading Stop Time File for iteration 1: C:\Workspace\TNC-Demand-Model\STOPS\inputs\KCMEXIST\stop_tim, Record:  
 nmessage    4     4. +Reading Stop Time File for iteration 1: C:\Workspace\TNC-Demand-Model\STOPS\inputs\KCMEXIST\stop_tim, Record:  
 nmessage    4     4. +Reading Stop Time File for iteration 1: C:\Workspace\TNC-Demand-Model\STOPS\inputs\KCMEXIST\stop_tim, Record:  
 nmessage    4     4. +Reading Stop Time File for iteration 1: C:\Workspace\TNC-Demand-Model\STOPS\inputs\KCMEXIST\stop_tim, Record:  
 nmessage    4     4. +Reading Stop Time File for iteration 1: C:\Workspace\TNC-Demand-Model\STOPS\inputs\KCMEXIST\stop_tim, Record:  
 nmessage    4     4. +Reading Stop Time File for iteration 1: C:\Workspace\TNC-Demand-Model\STOPS\inputs\KCMEXIST\stop_tim, Record:  
 nmessage    4     4. +Reading Stop Time File for iteration 1: C:\Workspace\TNC-Demand-Model\STOPS\inputs\KCMEXIST\stop_tim, Record:  
 nmessage    4     4. +Reading Stop Time File for iteration 1: C:\Workspace\TNC-Demand-Model\STOPS\inputs\KCMEXIST\stop_tim, Record:  
 nmessage    4     4. +Reading Stop Time File for iteration 1: C:\Workspace\TNC-Demand-Model\STOPS\inputs\KCMEXIST\stop_tim, Record:  
 nmessage    4     4. +Reading Stop Time File for iteration 1: C:\Workspace\TNC-Demand-Model\STOPS\inputs\KCMEXIST\stop_tim, Record:  
 nmessage    4     4. +Reading Stop Time File for iteration 1: C:\Workspace\TNC-Demand-Model\STOPS\inputs\KCMEXIST\stop_tim, Record:  
 nmessage    4     4. +Reading Stop Time File for iteration 1: C:\Workspace\TNC-Demand-Model\STOPS\inputs\KCMEXIST\stop_tim, Record:  
 nmessage    4     4. +Reading Stop Time File for iteration 1: C:\Workspace\TNC-Demand-Model\STOPS\inputs\KCMEXIST\stop_tim, Record:  
 nmessage    4     4. +Reading Stop Time File for iteration 1: C:\Workspace\TNC-Demand-Model\STOPS\inputs\KCMEXIST\stop_tim, Record:  
 nmessage    4     4. +Reading Stop Time File for iteration 1: C:\Workspace\TNC-Demand-Model\STOPS\inputs\KCMEXIST\stop_tim, Record:  
 nmessage    4     4. +Reading Stop Time File for iteration 1: C:\Workspace\TNC-Demand-Model\STOPS\inputs\KCMEXIST\stop_tim, Record:  
 nmessage    4     4. +Reading Stop Time File for iteration 1: C:\Workspace\TNC-Demand-Model\STOPS\inputs\KCMEXIST\stop_tim, Record:  
 nmessage    4     4. +Reading Stop Time File for iteration 1: C:\Workspace\TNC-Demand-Model\STOPS\inputs\KCMEXIST\stop_tim, Record:  
 nmessage    4     4. +Reading Stop Time File for iteration 1: C:\Workspace\TNC-Demand-Model\STOPS\inputs\KCMEXIST\stop_tim, Record:  
 nmessage    4     4. +Reading Stop Time File for iteration 1: C:\Workspace\TNC-Demand-Model\STOPS\inputs\KCMEXIST\stop_tim, Record:  
 nmessage    4     4. +Reading Stop Time File for iteration 1: C:\Workspace\TNC-Demand-Model\STOPS\inputs\KCMEXIST\stop_tim, Record:  
 nmessage    4     4. +Reading Stop Time File for iteration 1: C:\Workspace\TNC-Demand-Model\STOPS\inputs\KCMEXIST\stop_tim, Record:  
 nmessage    4     4. +Reading Stop Time File for iteration 1: C:\Workspace\TNC-Demand-Model\STOPS\inputs\KCMEXIST\stop_tim, Record:  
 nmessage    4     4. +Reading Stop Time File for iteration 1: C:\Workspace\TNC-Demand-Model\STOPS\inputs\KCMEXIST\stop_tim, Record:  
 nmessage    4     4. +Reading Stop Time File for iteration 1: C:\Workspace\TNC-Demand-Model\STOPS\inputs\KCMEXIST\stop_tim, Record:  
 nmessage    4     4. +Reading Stop Time File for iteration 1: C:\Workspace\TNC-Demand-Model\STOPS\inputs\KCMEXIST\stop_tim, Record:  
 nmessage    4     4. +Reading Stop Time File for iteration 1: C:\Workspace\TNC-Demand-Model\STOPS\inputs\KCMEXIST\stop_tim, Record:  
 nmessage    4     4. +Reading Stop Time File for iteration 1: C:\Workspace\TNC-Demand-Model\STOPS\inputs\KCMEXIST\stop_tim, Record:  
 nmessage    4     4. +Reading Stop Time File for iteration 1: C:\Workspace\TNC-Demand-Model\STOPS\inputs\KCMEXIST\stop_tim, Record:  
 nmessage    4     4. +Reading Stop Time File for iteration 1: C:\Workspace\TNC-Demand-Model\STOPS\inputs\KCMEXIST\stop_tim, Record:  
 nmessage    4     4. +Reading Stop Time File for iteration 1: C:\Workspace\TNC-Demand-Model\STOPS\inputs\KCMEXIST\stop_tim, Record:  
 nmessage    4     4. +Reading Stop Time File for iteration 1: C:\Workspace\TNC-Demand-Model\STOPS\inputs\KCMEXIST\stop_tim, Record:  
 nmessage    4     4. +Reading Stop Time File for iteration 1: C:\Workspace\TNC-Demand-Model\STOPS\inputs\KCMEXIST\stop_tim, Record:  
 nmessage    4     4. +Reading Stop Time File for iteration 1: C:\Workspace\TNC-Demand-Model\STOPS\inputs\KCMEXIST\stop_tim, Record:  
 nmessage    4     4. +Reading Stop Time File for iteration 1: C:\Workspace\TNC-Demand-Model\STOPS\inputs\KCMEXIST\stop_tim, Record:  
 nmessage    4     4. +Reading Stop Time File for iteration 1: C:\Workspace\TNC-Demand-Model\STOPS\inputs\KCMEXIST\stop_tim, Record:  
 nmessage    4     4. +Reading Stop Time File for iteration 1: C:\Workspace\TNC-Demand-Model\STOPS\inputs\KCMEXIST\stop_tim, Record:  
 nmessage    4     4. +Reading Stop Time File for iteration 1: C:\Workspace\TNC-Demand-Model\STOPS\inputs\KCMEXIST\stop_tim, Record:  
 nmessage    4     4. +Reading Stop Time File for iteration 1: C:\Workspace\TNC-Demand-Model\STOPS\inputs\KCMEXIST\stop_tim, Record:  
 nmessage    4     4. +Reading Stop Time File for iteration 1: C:\Workspace\TNC-Demand-Model\STOPS\inputs\KCMEXIST\stop_tim, Record:  
 nmessage    4     4. +Reading Stop Time File for iteration 1: C:\Workspace\TNC-Demand-Model\STOPS\inputs\KCMEXIST\stop_tim, Record:  
 nmessage    4     4. +Reading Stop Time File for iteration 1: C:\Workspace\TNC-Demand-Model\STOPS\inputs\KCMEXIST\stop_tim, Record:  
 nmessage    4     4. +Reading Stop Time File for iteration 1: C:\Workspace\TNC-Demand-Model\STOPS\inputs\KCMEXIST\stop_tim, Record:  
 nmessage    4     4. +Reading Stop Time File for iteration 1: C:\Workspace\TNC-Demand-Model\STOPS\inputs\KCMEXIST\stop_tim, Record:  
 nmessage    4     4. +Reading Stop Time File for iteration 1: C:\Workspace\TNC-Demand-Model\STOPS\inputs\KCMEXIST\stop_tim, Record:  
 nmessage    4     4. +Reading Stop Time File for iteration 1: C:\Workspace\TNC-Demand-Model\STOPS\inputs\KCMEXIST\stop_tim, Record:  
 nmessage    4     4. +Reading Stop Time File for iteration 1: C:\Workspace\TNC-Demand-Model\STOPS\inputs\KCMEXIST\stop_tim, Record:  
 nmessage    4     4. +Reading Stop Time File for iteration 1: C:\Workspace\TNC-Demand-Model\STOPS\inputs\KCMEXIST\stop_tim, Record:  
 nmessage    4     4. +Reading Stop Time File for iteration 1: C:\Workspace\TNC-Demand-Model\STOPS\inputs\KCMEXIST\stop_tim, Record:  
 nmessage    4     4. +Reading Stop Time File for iteration 1: C:\Workspace\TNC-Demand-Model\STOPS\inputs\KCMEXIST\stop_tim, Record:  
 nmessage    4     4. +Reading Stop Time File for iteration 1: C:\Workspace\TNC-Demand-Model\STOPS\inputs\KCMEXIST\stop_tim, Record:  
 nmessage    4     4. +Reading Stop Time File for iteration 1: C:\Workspace\TNC-Demand-Model\STOPS\inputs\KCMEXIST\stop_tim, Record:  
 nmessage    4     4. +Reading Stop Time File for iteration 1: C:\Workspace\TNC-Demand-Model\STOPS\inputs\KCMEXIST\stop_tim, Record:  
 nmessage    4     4. +Reading Stop Time File for iteration 1: C:\Workspace\TNC-Demand-Model\STOPS\inputs\KCMEXIST\stop_tim, Record:  
 nmessage    4     4. +Reading Stop Time File for iteration 1: C:\Workspace\TNC-Demand-Model\STOPS\inputs\KCMEXIST\stop_tim, Record:  
 nmessage    4     4. +Reading Stop Time File for iteration 1: C:\Workspace\TNC-Demand-Model\STOPS\inputs\KCMEXIST\stop_tim, Record:  
 nmessage    4     4. +Reading Stop Time File for iteration 1: C:\Workspace\TNC-Demand-Model\STOPS\inputs\KCMEXIST\stop_tim, Record:  
 nmessage    4     4. +Reading Stop Time File for iteration 1: C:\Workspace\TNC-Demand-Model\STOPS\inputs\KCMEXIST\stop_tim, Record:  
 nmessage    4     4. +Reading Stop Time File for iteration 1: C:\Workspace\TNC-Demand-Model\STOPS\inputs\KCMEXIST\stop_tim, Record:  
 nmessage    4     4. +Reading Stop Time File for iteration 2: C:\Workspace\TNC-Demand-Model\STOPS\inputs\KCMEXIST\stop_times.txt     
 nmessage    4     4. +Reading Stop Time File for iteration 3: C:\Workspace\TNC-Demand-Model\STOPS\inputs\KCMEXIST\stop_times.txt     
 nmessage    4     4. +Reading Stop Time File for iteration 1: C:\Workspace\TNC-Demand-Model\STOPS\inputs\SND\stop_times.txt          
 nmessage    4     4. +Reading Stop Time File for iteration 2: C:\Workspace\TNC-Demand-Model\STOPS\inputs\SND\stop_times.txt          
 nmessage    4     4. +Reading Stop Time File for iteration 3: C:\Workspace\TNC-Demand-Model\STOPS\inputs\SND\stop_times.txt          
 nmessage    5     5. Beginning stop-to-stop frequency computation                                                                    
 nmessage    6     6.                                                                                                                 
 nmessage    6     6. +  Trip     1000   13103  246973                                                                                
 nmessage    6     6. +  Trip     2000   13103  429252                                                                                
 nmessage    6     6. +  Trip     3000   13103  714809                                                                                
 nmessage    6     6. +  Trip     4000   13103  794221                                                                                
 nmessage    6     6. +  Trip     5000   13103  890467                                                                                
 nmessage    6     6. +  Trip     6000   13103 1072282                                                                                
 nmessage    6     6. +  Trip     7000   13103 1302076                                                                                
 nmessage    6     6. +  Trip     8000   13103 1478046                                                                                
 nmessage    6     6. +  Trip     9000   13103 1686635                                                                                
 nmessage    6     6. +  Trip    10000   13103 1945775                                                                                
 nmessage    6     6. +  Trip    11000   13103 2141132                                                                                
 nmessage    6     6. +  Trip    12000   13103 2398385                                                                                
 nmessage    6     6. +  Trip    13000   13103 2495712                                                                                
 nmessage    7     7. Finished stop-to-stop frequency computation. Records=     265839 (max    2495937)                               
 nmessage    8     8.  Building stop-to-stop links...                                                                                 
 nmessage    9     9.                                                                                                                 
 nmessage    9     9. + Processing stop       1 of    8382, no. links   121435                                                        
 nmessage    9     9. + Processing stop     100 of    8382, no. links   121908                                                        
 nmessage    9     9. + Processing stop     200 of    8382, no. links   125294                                                        
 nmessage    9     9. + Processing stop     300 of    8382, no. links   128378                                                        
 nmessage    9     9. + Processing stop     400 of    8382, no. links   129300                                                        
 nmessage    9     9. + Processing stop     500 of    8382, no. links   130054                                                        
 nmessage    9     9. + Processing stop     600 of    8382, no. links   131280                                                        
 nmessage    9     9. + Processing stop     700 of    8382, no. links   132144                                                        
 nmessage    9     9. + Processing stop     800 of    8382, no. links   132758                                                        
 nmessage    9     9. + Processing stop     900 of    8382, no. links   133354                                                        
 nmessage    9     9. + Processing stop    1000 of    8382, no. links   134300                                                        
 nmessage    9     9. + Processing stop    1100 of    8382, no. links   135194                                                        
 nmessage    9     9. + Processing stop    1200 of    8382, no. links   136242                                                        
 nmessage    9     9. + Processing stop    1300 of    8382, no. links   137224                                                        
 nmessage    9     9. + Processing stop    1400 of    8382, no. links   137784                                                        
 nmessage    9     9. + Processing stop    1500 of    8382, no. links   138592                                                        
 nmessage    9     9. + Processing stop    1600 of    8382, no. links   138986                                                        
 nmessage    9     9. + Processing stop    1700 of    8382, no. links   139494                                                        
 nmessage    9     9. + Processing stop    1800 of    8382, no. links   140080                                                        
 nmessage    9     9. + Processing stop    1900 of    8382, no. links   140590                                                        
 nmessage    9     9. + Processing stop    2000 of    8382, no. links   141040                                                        
 nmessage    9     9. + Processing stop    2100 of    8382, no. links   141518                                                        
 nmessage    9     9. + Processing stop    2200 of    8382, no. links   141948                                                        
 nmessage    9     9. + Processing stop    2300 of    8382, no. links   142238                                                        
 nmessage    9     9. + Processing stop    2400 of    8382, no. links   142538                                                        
 nmessage    9     9. + Processing stop    2500 of    8382, no. links   142890                                                        
 nmessage    9     9. + Processing stop    2600 of    8382, no. links   143158                                                        
 nmessage    9     9. + Processing stop    2700 of    8382, no. links   143376                                                        
 nmessage    9     9. + Processing stop    2800 of    8382, no. links   143490                                                        
 nmessage    9     9. + Processing stop    2900 of    8382, no. links   143896                                                        
 nmessage    9     9. + Processing stop    3000 of    8382, no. links   144150                                                        
 nmessage    9     9. + Processing stop    3100 of    8382, no. links   144564                                                        
 nmessage    9     9. + Processing stop    3200 of    8382, no. links   144884                                                        
 nmessage    9     9. + Processing stop    3300 of    8382, no. links   145024                                                        
 nmessage    9     9. + Processing stop    3400 of    8382, no. links   145564                                                        
 nmessage    9     9. + Processing stop    3500 of    8382, no. links   145934                                                        
 nmessage    9     9. + Processing stop    3600 of    8382, no. links   146154                                                        
 nmessage    9     9. + Processing stop    3700 of    8382, no. links   146454                                                        
 nmessage    9     9. + Processing stop    3800 of    8382, no. links   146724                                                        
 nmessage    9     9. + Processing stop    3900 of    8382, no. links   146812                                                        
 nmessage    9     9. + Processing stop    4000 of    8382, no. links   147098                                                        
 nmessage    9     9. + Processing stop    4100 of    8382, no. links   147244                                                        
 nmessage    9     9. + Processing stop    4200 of    8382, no. links   147696                                                        
 nmessage    9     9. + Processing stop    4300 of    8382, no. links   148036                                                        
 nmessage    9     9. + Processing stop    4400 of    8382, no. links   148354                                                        
 nmessage    9     9. + Processing stop    4500 of    8382, no. links   148470                                                        
 nmessage    9     9. + Processing stop    4600 of    8382, no. links   148870                                                        
 nmessage    9     9. + Processing stop    4700 of    8382, no. links   149342                                                        
 nmessage    9     9. + Processing stop    4800 of    8382, no. links   149634                                                        
 nmessage    9     9. + Processing stop    4900 of    8382, no. links   149836                                                        
 nmessage    9     9. + Processing stop    5000 of    8382, no. links   150312                                                        
 nmessage    9     9. + Processing stop    5100 of    8382, no. links   150514                                                        
 nmessage    9     9. + Processing stop    5200 of    8382, no. links   150816                                                        
 nmessage    9     9. + Processing stop    5300 of    8382, no. links   150972                                                        
 nmessage    9     9. + Processing stop    5400 of    8382, no. links   151228                                                        
 nmessage    9     9. + Processing stop    5500 of    8382, no. links   151466                                                        
 nmessage    9     9. + Processing stop    5600 of    8382, no. links   151662                                                        
 nmessage    9     9. + Processing stop    5700 of    8382, no. links   151868                                                        
 nmessage    9     9. + Processing stop    5800 of    8382, no. links   152192                                                        
 nmessage    9     9. + Processing stop    5900 of    8382, no. links   152660                                                        
 nmessage    9     9. + Processing stop    6000 of    8382, no. links   152918                                                        
 nmessage    9     9. + Processing stop    6100 of    8382, no. links   153540                                                        
 nmessage    9     9. + Processing stop    6200 of    8382, no. links   154066                                                        
 nmessage    9     9. + Processing stop    6300 of    8382, no. links   154394                                                        
 nmessage    9     9. + Processing stop    6400 of    8382, no. links   154676                                                        
 nmessage    9     9. + Processing stop    6500 of    8382, no. links   155012                                                        
 nmessage    9     9. + Processing stop    6600 of    8382, no. links   155382                                                        
 nmessage    9     9. + Processing stop    6700 of    8382, no. links   155644                                                        
 nmessage    9     9. + Processing stop    6800 of    8382, no. links   155980                                                        
 nmessage    9     9. + Processing stop    6900 of    8382, no. links   156296                                                        
 nmessage    9     9. + Processing stop    7000 of    8382, no. links   156516                                                        
 nmessage    9     9. + Processing stop    7100 of    8382, no. links   156832                                                        
 nmessage    9     9. + Processing stop    7200 of    8382, no. links   157116                                                        
 nmessage    9     9. + Processing stop    7300 of    8382, no. links   157454                                                        
 nmessage    9     9. + Processing stop    7400 of    8382, no. links   157634                                                        
 nmessage    9     9. + Processing stop    7500 of    8382, no. links   157802                                                        
 nmessage    9     9. + Processing stop    7600 of    8382, no. links   157988                                                        
 nmessage    9     9. + Processing stop    7700 of    8382, no. links   158246                                                        
 nmessage    9     9. + Processing stop    7800 of    8382, no. links   158414                                                        
 nmessage    9     9. + Processing stop    7900 of    8382, no. links   158718                                                        
 nmessage    9     9. + Processing stop    8000 of    8382, no. links   158870                                                        
 nmessage    9     9. + Processing stop    8100 of    8382, no. links   159116                                                        
 nmessage    9     9. + Processing stop    8200 of    8382, no. links   159192                                                        
 nmessage    9     9. + Processing stop    8300 of    8382, no. links   159304                                                        
 nmessage   10    10. Exporting GTF File: C:\Workspace\TNC-Demand-Model\STOPS\GTFOutput\PK_TR_EXST\                                   
 nmessage   11    11.  Beginning Path Finding                                                                                         
 nmessage   11    11. + Processing centroid      1 of      2                                                                          
 nmessage   11    11. + Processing centroid      2 of      2                                                                          
 nmessage   12    12. *** time at end of centroid loop 16:26:45:71                                                                    
 nmessage   13    13. GTF Path Successful                                                                                             
