 nmessage    1     1. STOPS Returned to Main Menu                                                                                     
 nmessage    1     1. STOPS Returned to Main Menu                                                                                     
 nmessage    1     1. STOPS Returned to Main Menu                                                                                     
 nmessage    1     1. STOPS Returned to Main Menu                                                                                     
 nmessage    1     1. Step 11.2. Running GTFPath, Part   1 of 18.                                                                     
 nmessage    1     1. Step 11.2. Running GTFPath, Part   2 of 18.                                                                     
 nmessage    1     1. Step 11.2. Running GTFPath, Part   3 of 18.                                                                     
 nmessage    1     1. Step 11.2. Running GTFPath, Part   4 of 18.                                                                     
 nmessage    1     1. Step 11.2. Running GTFPath, Part   5 of 18.                                                                     
 nmessage    1     1. Step 11.2. Running GTFPath, Part   6 of 18.                                                                     
 nmessage    1     1. Step 11.2. Running GTFPath, Part   7 of 18.                                                                     
 nmessage    1     1. Step 11.2. Running GTFPath, Part   8 of 18.                                                                     
 nmessage    1     1. Step 11.2. Running GTFPath, Part   9 of 18.                                                                     
 nmessage    1     1. Step 11.2. Running GTFPath, Part  10 of 18.                                                                     
 nmessage    1     1. Step 11.2. Running GTFPath, Part  11 of 18.                                                                     
 nmessage    1     1. Step 11.2. Running GTFPath, Part  12 of 18.                                                                     
 nmessage    1     1. Step 11.2. Running GTFPath, Part  13 of 18.                                                                     
 nmessage    1     1. Step 11.2. Running GTFPath, Part  14 of 18.                                                                     
 nmessage    1     1. Step 11.2. Running GTFPath, Part  15 of 18.                                                                     
 nmessage    1     1. Step 11.2. Running GTFPath, Part  16 of 18.                                                                     
 nmessage    1     1. Step 11.2. Running GTFPath, Part  17 of 18.                                                                     
 nmessage    1     1. Step 11.2. Running GTFPath, Part  18 of 18.                                                                     
 nmessage    1     1. STOPS Returned to Main Menu                                                                                     
 nmessage    1     1. Step 7. Running StatBuffZone                                                                                    
 nmessage    1     1. STOPS Returned to Main Menu                                                                                     
 nmessage    1     1. Step 10. Running PedEnviron                                                                                     
 nmessage    1     1. STOPS Returned to Main Menu                                                                                     
 nmessage    1     1. Step 11.2. Running GTFPath, Part   1 of 18.                                                                     
 nmessage    1     1. Step 11.2. Running GTFPath, Part   2 of 18.                                                                     
 nmessage    1     1. Step 11.2. Running GTFPath, Part   3 of 18.                                                                     
 nmessage    1     1. Step 11.2. Running GTFPath, Part   4 of 18.                                                                     
 nmessage    1     1. Step 11.2. Running GTFPath, Part   5 of 18.                                                                     
 nmessage    1     1. Step 11.2. Running GTFPath, Part   6 of 18.                                                                     
 nmessage    1     1. Step 11.2. Running GTFPath, Part   7 of 18.                                                                     
 nmessage    1     1. Step 11.2. Running GTFPath, Part   8 of 18.                                                                     
 nmessage    1     1. Step 11.2. Running GTFPath, Part   9 of 18.                                                                     
 nmessage    1     1. Step 11.2. Running GTFPath, Part  10 of 18.                                                                     
 nmessage    1     1. Step 11.2. Running GTFPath, Part  11 of 18.                                                                     
 nmessage    1     1. Step 11.2. Running GTFPath, Part  12 of 18.                                                                     
 nmessage    1     1. Step 11.2. Running GTFPath, Part  13 of 18.                                                                     
 nmessage    1     1. Step 11.2. Running GTFPath, Part  14 of 18.                                                                     
 nmessage    1     1. Step 11.2. Running GTFPath, Part  15 of 18.                                                                     
 nmessage    1     1. Step 11.2. Running GTFPath, Part  16 of 18.                                                                     
 nmessage    1     1. Step 11.2. Running GTFPath, Part  17 of 18.                                                                     
 nmessage    1     1. Step 11.2. Running GTFPath, Part  18 of 18.                                                                     
 nmessage    1     1. STOPS Returned to Main Menu                                                                                     
