
CTPPExtract-v1.50 - 04/11/2015          
05-20-2020     12:38:01.635        



Madison Streetcar

    GeographyType=TZ
    ScaleFac=    1.0000
    DensityThreshold= 50000
    JumpStartFlag=     F

Number of CTPP 1 and 2 files=  1
    CTPP1File 1=C:\Workspace\TNC-Demand-Model\STOPS\inputs\WA_ctpp1_t030_t046.dat                                                                                                                                                                                                                                                                                                                                                                                                                                                                                                                                                                                                                                                                                                                                                                                                                                                                                                                                                                       
    CTPP2File 1=C:\Workspace\TNC-Demand-Model\STOPS\inputs\WA_ctpp2_t001_t017.dat                                                                                                                                                                                                                                                                                                                                                                                                                                                                                                                                                                                                                                                                                                                                                                                                                                                                                                                                                                       

Number of CTPP3 files=  1
    CTPP3File 1=C:\Workspace\TNC-Demand-Model\STOPS\inputs\MPO7601_ctpp3_sumlv944.dat                                                                                                                                                                                                                                                                                                                                                                                                                                                                                                                                                                                                                                                                                                                                                                                                                                                                                                                                                                   

Unique FIPS by CTPP3 file
     FIPS( 1, 1)=     53033
     FIPS( 1, 2)=     53035
     FIPS( 1, 3)=     53053
     FIPS( 1, 4)=     53057
     FIPS( 1, 5)=     53061
     FIPS( 1, 6)=     53067
Number of zone buffers read =  1154
Number of zone buffers =  1154
 # trips from within region to out of area:                   30055.78
 # trips dropped due to originating outside of home file:    115210.09
 # trips dropped due to bad origin zone:                      26133.58
 # trips dropped due to bad destination zone:                 11771.75
 # trips dropped due to two bad zones:                       107971.21


-------------------------------------------------------------------------------

-------------------------------------------------------------------------------
CTPP SUMMARY STATISTICS:ALL TRIPS                                    

ALL TRIPS                                             2mi/1mi           6miPNR/1mi          Within Area          All Dest's  
Auto Ownership                                    Count       Pct     Count       Pct     Count       Pct     Count       Pct
---------------------------------------+     ---------+---------+---------+---------+---------+---------+---------+---------+

TOTAL--ALL FIPS
All Auto Ownership Categories                    121768     1.000    174740     1.000   1610941     1.000   1640997     1.000
0 vehicles                                        13937     0.114      6539     0.037     60583     0.038     61652     0.038
1 vehicle                                         43759     0.359     44253     0.253    369852     0.230    376003     0.233
2-or-more vehicles                                64072     0.526    123948     0.709   1180501     0.733   1203337     0.737

CTPP JTW FOR FIPS:  53033 - King, WA                           
TRIPS WITH MISSING HOME ZONE:      2357.97
All Auto Ownership Categories                     91235     1.000     96059     1.000    900107     1.000    908716     1.000
0 vehicles                                        12249     0.134      3719     0.039     42103     0.047     42459     0.047
1 vehicle                                         35163     0.385     24952     0.260    229386     0.255    231547     0.257
2-or-more vehicles                                43822     0.480     67388     0.702    628619     0.698    634711     0.700

CTPP JTW FOR FIPS:  53035 - Kitsap, WA                         
TRIPS WITH MISSING HOME ZONE:       378.03
All Auto Ownership Categories                        23     1.000        79     1.000    103360     1.000    106252     1.000
0 vehicles                                            0     0.000         1     0.013      2975     0.029      3039     0.029
1 vehicle                                             3     0.130        17     0.215     19711     0.191     20406     0.196
2-or-more vehicles                                   20     0.870        60     0.759     80675     0.781     82808     0.785

CTPP JTW FOR FIPS:  53053 - Pierce, WA                         
TRIPS WITH MISSING HOME ZONE:      5146.62
All Auto Ownership Categories                     23336     1.000     48637     1.000    313604     1.000    318434     1.000
0 vehicles                                         1455     0.062      2128     0.044      9320     0.030      9631     0.031
1 vehicle                                          6794     0.291     12463     0.256     66527     0.212     67523     0.215
2-or-more vehicles                                15088     0.647     34047     0.700    237756     0.758    241279     0.761

CTPP JTW FOR FIPS:  53057 - Skagit, WA                         
TRIPS WITH MISSING HOME ZONE:     41177.23
All Auto Ownership Categories                         0       NaN         0       NaN       816     1.000      4272     1.000
0 vehicles                                            0       NaN         0       NaN        20     0.025        84     0.095
1 vehicle                                             0       NaN         0       NaN        38     0.047       427     0.354
2-or-more vehicles                                    0       NaN         0       NaN       759     0.930      3762     0.985

CTPP JTW FOR FIPS:  53061 - Snohomish, WA                      
TRIPS WITH MISSING HOME ZONE:      2479.99
All Auto Ownership Categories                      7175     1.000     29966     1.000    293047     1.000    296711     1.000
0 vehicles                                          233     0.032       692     0.023      6165     0.021      6236     0.021
1 vehicle                                          1799     0.251      6821     0.228     54191     0.185     54961     0.187
2-or-more vehicles                                 5143     0.717     22453     0.749    232692     0.794    235515     0.796

CTPP JTW FOR FIPS:  53067 - Thurston, WA                       
TRIPS WITH MISSING HOME ZONE:     94336.69
All Auto Ownership Categories                         0       NaN         0       NaN         0       NaN      6604     1.000
0 vehicles                                            0       NaN         0       NaN         0       NaN       202     1.000
1 vehicle                                             0       NaN         0       NaN         0       NaN      1140     1.000
2-or-more vehicles                                    0       NaN         0       NaN         0       NaN      5262     1.000


ALL TRIPS                                             2mi/1mi           6miPNR/1mi          Within Area          All Dest's  
Mode of Travel                                    Count       Pct     Count       Pct     Count       Pct     Count       Pct
---------------------------------------+     ---------+---------+---------+---------+---------+---------+---------+---------+

TOTAL--ALL FIPS
Total                                            121768     1.000    174740     1.000   1610941     1.000   1640997     1.000
Drove alone                                       63158     0.519    120046     0.687   1151586     0.715   1170674     0.718
2-person carpool                                  12009     0.099     20507     0.117    165082     0.102    168150     0.104
3-or-more-person carpool                           2276     0.019      5010     0.029     40856     0.025     42053     0.026
Bus or trolley bus                                24178     0.199     23761     0.136    106014     0.066    106599     0.066
Streetcar, subway, railroad or ferryboat            256     0.002       145     0.001      9051     0.006      9269     0.006
Bicycle, walked, taxicab, motorcycle ..           15306     0.126      3597     0.021     71432     0.044     77332     0.048
Worked at home                                     4587     0.038      1673     0.010     66917     0.042     66917     0.042

CTPP JTW FOR FIPS:  53033 - King, WA                           
TRIPS WITH MISSING HOME ZONE:      2357.97
Total                                             91235     1.000     96059     1.000    900107     1.000    908716     1.000
Drove alone                                       42261     0.463     63555     0.662    620289     0.689    624797     0.691
2-person carpool                                   8725     0.096     11931     0.124     87618     0.097     88489     0.098
3-or-more-person carpool                           1476     0.016      2688     0.028     20353     0.023     20609     0.023
Bus or trolley bus                                21480     0.235     15544     0.162     84663     0.094     84932     0.094
Streetcar, subway, railroad or ferryboat            229     0.003        71     0.001      1488     0.002      1616     0.002
Bicycle, walked, taxicab, motorcycle ..           13736     0.151      1676     0.017     45827     0.051     48405     0.054
Worked at home                                     3329     0.036       593     0.006     39870     0.044     39870     0.044

CTPP JTW FOR FIPS:  53035 - Kitsap, WA                         
TRIPS WITH MISSING HOME ZONE:       378.03
Total                                                23     1.000        79     1.000    103360     1.000    106252     1.000
Drove alone                                           9     0.391        36     0.456     68832     0.666     70600     0.672
2-person carpool                                      0     0.000         2     0.025     11540     0.112     11814     0.114
3-or-more-person carpool                              1     0.043         4     0.051      3246     0.031      3380     0.033
Bus or trolley bus                                    0     0.000         9     0.114      1910     0.018      1920     0.019
Streetcar, subway, railroad or ferryboat             12     0.522        25     0.316      7185     0.070      7211     0.070
Bicycle, walked, taxicab, motorcycle ..               0     0.000         2     0.025      5917     0.057      6597     0.063
Worked at home                                        0     0.000         0     0.000      4730     0.046      4730     0.046

CTPP JTW FOR FIPS:  53053 - Pierce, WA                         
TRIPS WITH MISSING HOME ZONE:      5146.62
Total                                             23336     1.000     48637     1.000    313604     1.000    318434     1.000
Drove alone                                       16228     0.695     36628     0.753    240724     0.768    243326     0.770
2-person carpool                                   2597     0.111      5172     0.106     33214     0.106     33654     0.107
3-or-more-person carpool                            638     0.027      1219     0.025      8542     0.027      8791     0.028
Bus or trolley bus                                 1879     0.081      3682     0.076      8279     0.026      8369     0.027
Streetcar, subway, railroad or ferryboat             14     0.001        28     0.001       195     0.001       203     0.001
Bicycle, walked, taxicab, motorcycle ..            1147     0.049      1270     0.026     11797     0.038     13238     0.042
Worked at home                                      834     0.036       639     0.013     10852     0.035     10852     0.035

CTPP JTW FOR FIPS:  53057 - Skagit, WA                         
TRIPS WITH MISSING HOME ZONE:     41177.23
Total                                                 0       NaN         0       NaN       816     1.000      4272     1.000
Drove alone                                           0       NaN         0       NaN       558     0.684      3207     0.926
2-person carpool                                      0       NaN         0       NaN        73     0.089       528     0.415
3-or-more-person carpool                              0       NaN         0       NaN        18     0.022       115     0.126
Bus or trolley bus                                    0       NaN         0       NaN         6     0.007        58     0.067
Streetcar, subway, railroad or ferryboat              0       NaN         0       NaN         0     0.000        29     0.034
Bicycle, walked, taxicab, motorcycle ..               0       NaN         0       NaN        26     0.032       200     0.202
Worked at home                                        0       NaN         0       NaN       135     0.165       135     0.165

CTPP JTW FOR FIPS:  53061 - Snohomish, WA                      
TRIPS WITH MISSING HOME ZONE:      2479.99
Total                                              7175     1.000     29966     1.000    293047     1.000    296711     1.000
Drove alone                                        4660     0.649     19828     0.662    221181     0.755    223362     0.757
2-person carpool                                    687     0.096      3402     0.114     32637     0.111     33079     0.113
3-or-more-person carpool                            161     0.022      1100     0.037      8696     0.030      8868     0.030
Bus or trolley bus                                  819     0.114      4526     0.151     11156     0.038     11268     0.038
Streetcar, subway, railroad or ferryboat              2     0.000        21     0.001       183     0.001       201     0.001
Bicycle, walked, taxicab, motorcycle ..             422     0.059       649     0.022      7864     0.027      8602     0.029
Worked at home                                      424     0.059       441     0.015     11330     0.039     11330     0.039

CTPP JTW FOR FIPS:  53067 - Thurston, WA                       
TRIPS WITH MISSING HOME ZONE:     94336.69
Total                                                 0       NaN         0       NaN         0       NaN      6604     1.000
Drove alone                                           0       NaN         0       NaN         0       NaN      5380     1.000
2-person carpool                                      0       NaN         0       NaN         0       NaN       586     1.000
3-or-more-person carpool                              0       NaN         0       NaN         0       NaN       289     1.000
Bus or trolley bus                                    0       NaN         0       NaN         0       NaN        52     1.000
Streetcar, subway, railroad or ferryboat              0       NaN         0       NaN         0       NaN         9     1.000
Bicycle, walked, taxicab, motorcycle ..               0       NaN         0       NaN         0       NaN       289     1.000
Worked at home                                        0       NaN         0       NaN         0       NaN         0       NaN


ALL TRIPS                                             2mi/1mi           6miPNR/1mi   

                                Region       
Auto Ownership By Mode                            Count       Pct     Count       Pct     Count       Pct
---------------------------------------+     ---------+---------+---------+---------+---------+---------+

All Auto Ownership Categories           
Total                                            121768     1.000    174740     1.000   1610941     1.000
Drove alone                                       63158     1.000    120046     1.000   1151586     1.000
2-person carpool                                  12009     1.000     20507     1.000    165082     1.000
3-or-more-person carpool                           2276     1.000      5010     1.000     40856     1.000
Bus or trolley bus                                24178     1.000     23761     1.000    106014     1.000
Streetcar, subway, railroad or ferryboat            256     1.000       145     1.000      9051     1.000
Bicycle, walked, taxicab, motorcycle ..           15306     1.000      3597     1.000     71432     1.000
Worked at home                                     4587     1.000      1673     1.000     66917     1.000

0 vehicles                              
Total                                             13937     0.114      6539     0.037     60583     0.038
Drove alone                                        1842     0.029      2316     0.019     19979     0.017
2-person carpool                                    541     0.045       709     0.035      4933     0.030
3-or-more-person carpool                            176     0.077       147     0.029      1578     0.039
Bus or trolley bus                                 5629     0.233      2661     0.112     18876     0.178
Streetcar, subway, railroad or ferryboat             59     0.230        10     0.069       410     0.045
Bicycle, walked, taxicab, motorcycle ..            5178     0.338       611     0.170     13028     0.182
Worked at home                                      511     0.111        85     0.051      1780     0.027

1 vehicle                               
Total                                             43759     0.359     44253     0.253    369852     0.230
Drove alone                                       20003     0.317     27411     0.228    234250     0.203
2-person carpool                                   4001     0.333      5481     0.267     43943     0.266
3-or-more-person carpool                            676     0.297      1381     0.276     10371     0.254
Bus or trolley bus                                10428     0.431      8033     0.338     39008     0.368
Streetcar, subway, railroad or ferryboat            106     0.414        77     0.531      2362     0.261
Bicycle, walked, taxicab, motorcycle ..            6753     0.441      1331     0.370     26309     0.368
Worked at home                                     1793     0.391       539     0.322     13611     0.203

2-or-more vehicles                      
Total                                             64072     0.526    123948     0.709   1180501     0.733
Drove alone                                       41313     0.654     90320     0.752    897354     0.779
2-person carpool                                   7468     0.622     14318     0.698    116206     0.704
3-or-more-person carpool                           1424     0.626      3482     0.695     28907     0.708
Bus or trolley bus                                 8120     0.336     13067     0.550     48130     0.454
Streetcar, subway, railroad or ferryboat             90     0.352        58     0.400      6279     0.694
Bicycle, walked, taxicab, motorcycle ..            3375     0.221      1655     0.460     32096     0.449
Worked at home                                     2283     0.498      1049     0.627     51526     0.770

-------------------------------------------------------------------------------
CTPP SUMMARY STATISTICS:TRIPS W/ DIFFERENT ORG. & DEST. STATIONS     

TRIPS W/ DIFFERENT ORG. & DEST. STATIONS              2mi/1mi           6miPNR/1mi          Within Area          All Dest's  
Auto Ownership                                    Count       Pct     Count       Pct     Count       Pct     Count       Pct
---------------------------------------+     ---------+---------+---------+---------+---------+---------+---------+---------+

TOTAL--ALL FIPS
All Auto Ownership Categories                     98789     1.000    147934     1.000   1097020     1.000   1097020     1.000
0 vehicles                                        11090     0.112      5296     0.036     41947     0.038     41947     0.038
1 vehicle                                         35615     0.361     37228     0.252    254082     0.232    254082     0.232
2-or-more vehicles                                52085     0.527    105411     0.713    800993     0.730    800993     0.730

CTPP JTW FOR FIPS:  53033 - King, WA                           
TRIPS WITH MISSING HOME ZONE:      2357.97
All Auto Ownership Categories                     77085     1.000     85641     1.000    667320     1.000    667320     1.000
0 vehicles                                         9996     0.130      3322     0.039     31186     0.047     31186     0.047
1 vehicle                                         29558     0.383     22062     0.258    170902     0.256    170902     0.256
2-or-more vehicles                                37531     0.487     60257     0.704    465232     0.697    465232     0.697

CTPP JTW FOR FIPS:  53035 - Kitsap, WA                         
TRIPS WITH MISSING HOME ZONE:       378.03
All Auto Ownership Categories                        23     1.000        75     1.000     43332     1.000     43332     1.000
0 vehicles                                            0     0.000         1     0.013      1182     0.027      1182     0.027
1 vehicle                                             3     0.130        17     0.227      7905     0.182      7905     0.182
2-or-more vehicles                                   20     0.870        56     0.747     34246     0.790     34246     0.790

CTPP JTW FOR FIPS:  53053 - Pierce, WA                         
TRIPS WITH MISSING HOME ZONE:      5146.62
All Auto Ownership Categories                     17710     1.000     40221     1.000    221873     1.000    221873     1.000
0 vehicles                                         1016     0.057      1570     0.039      6321     0.028      6321     0.028
1 vehicle                                          5166     0.292     10145     0.252     45592     0.205     45592     0.205
2-or-more vehicles                                11529     0.651     28506     0.709    169959     0.766    169959     0.766

CTPP JTW FOR FIPS:  53057 - Skagit, WA                         
TRIPS WITH MISSING HOME ZONE:     41177.23
All Auto Ownership Categories                         0       NaN         0       NaN       279     1.000       279     1.000
0 vehicles                                            0       NaN         0       NaN         7     0.025         7     0.025
1 vehicle                                             0       NaN         0       NaN        14     0.050        14     0.050
2-or-more vehicles                                    0       NaN         0       NaN       258     0.925       258     0.925

CTPP JTW FOR FIPS:  53061 - Snohomish, WA                      
TRIPS WITH MISSING HOME ZONE:      2479.99
All Auto Ownership Categories                      3971     1.000     21998     1.000    164215     1.000    164215     1.000
0 vehicles                                           78     0.020       403     0.018      3250     0.020      3250     0.020
1 vehicle                                           888     0.224      5003     0.227     29668     0.181     29668     0.181
2-or-more vehicles                                 3005     0.757     16592     0.754    131296     0.800    131296     0.800

CTPP JTW FOR FIPS:  53067 - Thurston, WA                       
TRIPS WITH MISSING HOME ZONE:     94336.69
All Auto Ownership Categories                         0       NaN         0       NaN         0       NaN         0       NaN
0 vehicles                                            0       NaN         0       NaN         0       NaN         0       NaN
1 vehicle                                             0       NaN         0       NaN         0       NaN         0       NaN
2-or-more vehicles                                    0       NaN         0       NaN         0       NaN         0       NaN


TRIPS W/ DIFFERENT ORG. & DEST. STATIONS              2mi/1mi           6miPNR/1mi          Within Area          All Dest's  
Mode of Travel                                    Count       Pct     Count       Pct     Count       Pct     Count       Pct
---------------------------------------+     ---------+---------+---------+---------+---------+---------+---------+---------+

TOTAL--ALL FIPS
Total                                             98789     1.000    147934     1.000   1097020     1.000   1097020     1.000
Drove alone                                       52737     0.534    100398     0.679    816957     0.745    816957     0.745
2-person carpool                                  10464     0.106     18154     0.123    121476     0.111    121476     0.111
3-or-more-person carpool                           2012     0.020      4542     0.031     31010     0.028     31010     0.028
Bus or trolley bus                                23311     0.236     22931     0.155     91540     0.083     91540     0.083
Streetcar, subway, railroad or ferryboat            244     0.002       137     0.001      8334     0.008      8334     0.008
Bicycle, walked, taxicab, motorcycle ..           10022     0.101      1773     0.012     27702     0.025     27702     0.025
Worked at home                                        0     0.000         0     0.000         1     0.000         1     0.000

CTPP JTW FOR FIPS:  53033 - King, WA                           
TRIPS WITH MISSING HOME ZONE:      2357.97
Total                                             77085     1.000     85641     1.000    667320     1.000    667320     1.000
Drove alone                                       37265     0.483     55984     0.654    482337     0.723    482337     0.723
2-person carpool                                   7831     0.102     10946     0.128     70623     0.106     70623     0.106
3-or-more-person carpool                           1361     0.018      2552     0.030     16926     0.025     16926     0.025
Bus or trolley bus                                20839     0.270     15159     0.177     74481     0.112     74481     0.112
Streetcar, subway, railroad or ferryboat            217     0.003        69     0.001      1385     0.002      1385     0.002
Bicycle, walked, taxicab, motorcycle ..            9573     0.124       931     0.011     21569     0.032     21569     0.032
Worked at home                                        0     0.000         0     0.000         0     0.000         0     0.000

CTPP JTW FOR FIPS:  53035 - Kitsap, WA                         
TRIPS WITH MISSING HOME ZONE:       378.03
Total                                                23     1.000        75     1.000     43332     1.000     43332     1.000
Drove alone                                           9     0.391        35     0.467     28295     0.653     28295     0.653
2-person carpool                                      0     0.000         2     0.027      4857     0.112      4857     0.112
3-or-more-person carpool                              1     0.043         4     0.053      1573     0.036      1573     0.036
Bus or trolley bus                                    0     0.000         9     0.120       622     0.014       622     0.014
Streetcar, subway, railroad or ferryboat             12     0.522        23     0.307      6678     0.154      6678     0.154
Bicycle, walked, taxicab, motorcycle ..               0     0.000         2     0.027      1308     0.030      1308     0.030
Worked at home                                        0     0.000         0     0.000         0     0.000         0     0.000

CTPP JTW FOR FIPS:  53053 - Pierce, WA                         
TRIPS WITH MISSING HOME ZONE:      5146.62
Total                                             17710     1.000     40221     1.000    221873     1.000    221873     1.000
Drove alone                                       12848     0.725     30609     0.761    179334     0.808    179334     0.808
2-person carpool                                   2168     0.122      4488     0.112     25464     0.115     25464     0.115
3-or-more-person carpool                            525     0.030      1043     0.026      6603     0.030      6603     0.030
Bus or trolley bus                                 1730     0.098      3388     0.084      7145     0.032      7145     0.032
Streetcar, subway, railroad or ferryboat             13     0.001        24     0.001       133     0.001       133     0.001
Bicycle, walked, taxicab, motorcycle ..             427     0.024       669     0.017      3195     0.014      3195     0.014
Worked at home                                        0     0.000         0     0.000         0     0.000         0     0.000

CTPP JTW FOR FIPS:  53057 - Skagit, WA                         
TRIPS WITH MISSING HOME ZONE:     41177.23
Total                                                 0       NaN         0       NaN       279     1.000       279     1.000
Drove alone                                           0       NaN         0       NaN       239     0.857       239     0.857
2-person carpool                                      0       NaN         0       NaN        34     0.122        34     0.122
3-or-more-person carpool                              0       NaN         0       NaN         0     0.000         0     0.000
Bus or trolley bus                                    0       NaN         0       NaN         6     0.022         6     0.022
Streetcar, subway, railroad or ferryboat              0       NaN         0       NaN         0     0.000         0     0.000
Bicycle, walked, taxicab, motorcycle ..               0       NaN         0       NaN         0     0.000         0     0.000
Worked at home                                        0       NaN         0       NaN         0     0.000         0     0.000

CTPP JTW FOR FIPS:  53061 - Snohomish, WA                      
TRIPS WITH MISSING HOME ZONE:      2479.99
Total                                              3971     1.000     21998     1.000    164215     1.000    164215     1.000
Drove alone                                        2616     0.659     13771     0.626    126753     0.772    126753     0.772
2-person carpool                                    465     0.117      2718     0.124     20498     0.125     20498     0.125
3-or-more-person carpool                            126     0.032       943     0.043      5908     0.036      5908     0.036
Bus or trolley bus                                  741     0.187      4375     0.199      9286     0.057      9286     0.057
Streetcar, subway, railroad or ferryboat              2     0.001        21     0.001       138     0.001       138     0.001
Bicycle, walked, taxicab, motorcycle ..              22     0.006       170     0.008      1631     0.010      1631     0.010
Worked at home                                        0     0.000         0     0.000         1     0.000         1     0.000

CTPP JTW FOR FIPS:  53067 - Thurston, WA                       
TRIPS WITH MISSING HOME ZONE:     94336.69
Total                                                 0       NaN         0       NaN         0       NaN         0       NaN
Drove alone                                           0       NaN         0       NaN         0       NaN         0       NaN
2-person carpool                                      0       NaN         0       NaN         0       NaN         0       NaN
3-or-more-person carpool                              0       NaN         0       NaN         0       NaN         0       NaN
Bus or trolley bus                                    0       NaN         0       NaN         0       NaN         0       NaN
Streetcar, subway, railroad or ferryboat              0       NaN         0       NaN         0       NaN         0       NaN
Bicycle, walked, taxicab, motorcycle ..               0       NaN         0       NaN         0       NaN         0       NaN
Worked at home                                        0       NaN         0       NaN         0       NaN         0       NaN


TRIPS W/ DIFFERENT ORG. & DEST. STATIONS              2mi/1mi           6miPNR/1mi   

                                Region       
Auto Ownership By Mode                            Count       Pct     Count       Pct     Count       Pct
---------------------------------------+     ---------+---------+---------+---------+---------+---------+

All Auto Ownership Categories           
Total                                             98789     1.000    147934     1.000   1097020     1.000
Drove alone                                       52737     1.000    100398     1.000    816957     1.000
2-person carpool                                  10464     1.000     18154     1.000    121476     1.000
3-or-more-person carpool                           2012     1.000      4542     1.000     31010     1.000
Bus or trolley bus                                23311     1.000     22931     1.000     91540     1.000
Streetcar, subway, railroad or ferryboat            244     1.000       137     1.000      8334     1.000
Bicycle, walked, taxicab, motorcycle ..           10022     1.000      1773     1.000     27702     1.000
Worked at home                                        0       NaN         0       NaN         1     1.000

0 vehicles                              
Total                                             11090     0.112      5296     0.036     41947     0.038
Drove alone                                        1574     0.030      1951     0.019     15243     0.019
2-person carpool                                    470     0.045       621     0.034      3659     0.030
3-or-more-person carpool                            160     0.080       137     0.030      1114     0.036
Bus or trolley bus                                 5291     0.227      2326     0.101     15368     0.168
Streetcar, subway, railroad or ferryboat             56     0.230        10     0.073       351     0.042
Bicycle, walked, taxicab, motorcycle ..            3539     0.353       251     0.142      6210     0.224
Worked at home                                        0       NaN         0       NaN         0     0.000

1 vehicle                               
Total                                             35615     0.361     37228     0.252    254082     0.232
Drove alone                                       16926     0.321     22733     0.226    168986     0.207
2-person carpool                                   3433     0.328      4818     0.265     31259     0.257
3-or-more-person carpool                            602     0.299      1222     0.269      7793     0.251
Bus or trolley bus                                10069     0.432      7798     0.340     33498     0.366
Streetcar, subway, railroad or ferryboat            103     0.422        73     0.533      2202     0.264
Bicycle, walked, taxicab, motorcycle ..            4484     0.447       583     0.329     10344     0.373
Worked at home                                        0       NaN         0       NaN         0     0.000

2-or-more vehicles                      
Total                                             52085     0.527    105411     0.713    800993     0.730
Drove alone                                       34237     0.649     75715     0.754    632729     0.774
2-person carpool                                   6562     0.627     12715     0.700     86558     0.713
3-or-more-person carpool                           1250     0.621      3182     0.701     22103     0.713
Bus or trolley bus                                 7951     0.341     12807     0.559     42673     0.466
Streetcar, subway, railroad or ferryboat             85     0.348        53     0.387      5780     0.694
Bicycle, walked, taxicab, motorcycle ..            1999     0.199       939     0.530     11148     0.402
Worked at home                                        0       NaN         0       NaN         1     1.000


-------------------------------------------------------------------------------

-------------------------------------------------------------------------------
ARRF2 INPUT RESULTS-- CTPP JTW FLOWS BY EMPLOYMENT DENSITY 
Madison Streetcar


           Employment Density                         2mi/1mi           6miPNR/1mi   
                Description                       Count       Pct     Count       Pct
---------------------------------------+     ---------+---------+---------+---------+
All Employment Densities                          98790     1.000    147934     1.000
< 50000 emp/sq mi                                 60110     0.608    106562     0.720
 50000+ emp/sq mi                                 38680     0.392     41372     0.280

Program normal stop.
Start: 05-20-2020     12:38:01.635        
End  : 05-20-2020     12:38:27.757        

